<?xml version="1.0" encoding="UTF-8"?>
<!-- Generated by org.testng.reporters.JUnitReportReporter -->
<testsuite hostname="WKWZTS8bfHZTnVQ" failures="0" tests="1" name="day5.Task2" time="10.493" errors="0" timestamp="2022-11-24T15:44:53 IST" skipped="0">
  <testcase classname="day5.Task2" name="test" time="10.493"/>
  <system-out/>
</testsuite> <!-- day5.Task2 -->
