<?xml version="1.0" encoding="UTF-8"?>
<!-- Generated by org.testng.reporters.JUnitReportReporter -->
<testsuite hostname="WKWZTS8bfHZTnVQ" failures="0" tests="1" name="day1.Orange" time="29.011" errors="0" timestamp="2022-11-23T21:24:42 IST" skipped="0">
  <testcase classname="day1.Orange" name="test4" time="29.011"/>
  <system-out/>
</testsuite> <!-- day1.Orange -->
