<?xml version="1.0" encoding="UTF-8"?>
<!-- Generated by org.testng.reporters.JUnitReportReporter -->
<testsuite hostname="WKWZTS8bfHZTnVQ" failures="0" tests="1" name="day2.HandleAutoSuggestion" time="9.205" errors="0" timestamp="2022-11-22T19:03:22 IST" skipped="0">
  <testcase classname="day2.HandleAutoSuggestion" name="test7" time="9.205"/>
  <system-out/>
</testsuite> <!-- day2.HandleAutoSuggestion -->
