<?xml version="1.0" encoding="UTF-8"?>
<!-- Generated by org.testng.reporters.JUnitReportReporter -->
<testsuite hostname="WKWZTS8bfHZTnVQ" failures="0" tests="4" name="day3.LoginVerification" time="0.822" errors="0" timestamp="2022-11-22T19:03:22 IST" skipped="0">
  <testcase classname="day3.LoginVerification" name="emptyUsernamePassword" time="0.091"/>
  <system-out/>
  <testcase classname="day3.LoginVerification" name="emptyPassword" time="0.116"/>
  <system-out/>
  <testcase classname="day3.LoginVerification" name="emptyUsername" time="0.125"/>
  <system-out/>
  <testcase classname="day3.LoginVerification" name="invalidCredintial" time="0.490"/>
  <system-out/>
</testsuite> <!-- day3.LoginVerification -->
