<?xml version="1.0" encoding="UTF-8"?>
<!-- Generated by org.testng.reporters.JUnitReportReporter -->
<testsuite hostname="WKWZTS8bfHZTnVQ" failures="0" tests="4" name="day3.Login1" time="4.020" errors="0" timestamp="2022-11-22T15:53:51 IST" skipped="0">
  <testcase classname="day3.Login1" name="checkWithoutUsername" time="0.193"/>
  <system-out/>
  <testcase classname="day3.Login1" name="checkWithoutPassword" time="0.180"/>
  <system-out/>
  <testcase classname="day3.Login1" name="checkWithoutCredentials" time="0.090"/>
  <system-out/>
  <testcase classname="day3.Login1" name="checkLogin" time="3.557"/>
  <system-out/>
</testsuite> <!-- day3.Login1 -->
