<?xml version="1.0" encoding="UTF-8"?>
<!-- Generated by org.testng.reporters.JUnitReportReporter -->
<testsuite hostname="WKWZTS8bfHZTnVQ" failures="0" tests="3" name="day3.SmokeTest" time="11.794" errors="0" timestamp="2022-11-22T15:19:21 IST" skipped="0">
  <testcase classname="day3.SmokeTest" name="verifyURL" time="3.479"/>
  <system-out/>
  <testcase classname="day3.SmokeTest" name="verifySocialMediaAccount" time="4.496"/>
  <system-out/>
  <testcase classname="day3.SmokeTest" name="verifyTitle" time="3.819"/>
  <system-out/>
</testsuite> <!-- day3.SmokeTest -->
