<?xml version="1.0" encoding="UTF-8"?>
<!-- Generated by org.testng.reporters.JUnitReportReporter -->
<testsuite hostname="WKWZTS8bfHZTnVQ" failures="0" tests="1" name="day1.MyFirstSeleniumScript" time="4.957" errors="0" timestamp="2022-11-22T19:03:22 IST" skipped="0">
  <testcase classname="day1.MyFirstSeleniumScript" name="test" time="4.957"/>
  <system-out/>
</testsuite> <!-- day1.MyFirstSeleniumScript -->
