<?xml version="1.0" encoding="UTF-8"?>
<!-- Generated by org.testng.reporters.JUnitReportReporter -->
<testsuite hostname="WKWZTS8bfHZTnVQ" failures="0" tests="1" name="day2.HandleDynamicElements" time="18.854" errors="0" timestamp="2022-11-22T19:03:22 IST" skipped="0">
  <testcase classname="day2.HandleDynamicElements" name="test8" time="18.854"/>
  <system-out/>
</testsuite> <!-- day2.HandleDynamicElements -->
