<?xml version="1.0" encoding="UTF-8"?>
<!-- Generated by org.testng.reporters.JUnitReportReporter -->
<testsuite hostname="WKWZTS8bfHZTnVQ" failures="0" tests="1" name="day1.MyFirstSeleniumScript3" time="1.796" errors="0" timestamp="2022-11-22T19:03:22 IST" skipped="0">
  <testcase classname="day1.MyFirstSeleniumScript3" name="test2" time="1.796"/>
  <system-out/>
</testsuite> <!-- day1.MyFirstSeleniumScript3 -->
