<?xml version="1.0" encoding="UTF-8"?>
<!-- Generated by org.testng.reporters.JUnitReportReporter -->
<testsuite hostname="WKWZTS8bfHZTnVQ" failures="0" tests="1" name="day2.Calender" time="6.321" errors="0" timestamp="2022-11-22T19:03:22 IST" skipped="0">
  <testcase classname="day2.Calender" name="test6" time="6.321"/>
  <system-out/>
</testsuite> <!-- day2.Calender -->
