<?xml version="1.0" encoding="UTF-8"?>
<!-- Generated by org.testng.reporters.JUnitReportReporter -->
<testsuite hostname="WKWZTS8bfHZTnVQ" failures="0" tests="1" name="day3.Ineuron" time="9.875" errors="0" timestamp="2022-11-23T15:57:49 IST" skipped="0">
  <testcase classname="day3.Ineuron" name="test22" time="9.875"/>
  <system-out/>
</testsuite> <!-- day3.Ineuron -->
