<?xml version="1.0" encoding="UTF-8"?>
<!-- Generated by org.testng.reporters.JUnitReportReporter -->
<testsuite hostname="WKWZTS8bfHZTnVQ" failures="0" tests="1" name="day4.Task2" time="0.388" errors="0" timestamp="2022-11-23T12:20:17 IST" skipped="0">
  <testcase classname="day4.Task2" name="testData" time="0.388"/>
  <system-out/>
</testsuite> <!-- day4.Task2 -->
