<?xml version="1.0" encoding="UTF-8"?>
<!-- Generated by org.testng.reporters.JUnitReportReporter -->
<testsuite hostname="WKWZTS8bfHZTnVQ" failures="0" tests="1" name="day4.DDT1" time="0.000" errors="0" timestamp="2022-11-23T10:42:31 IST" skipped="1">
  <testcase classname="day4.DDT1" name="Test" time="0.000">
    <skipped/>
  </testcase> <!-- Test -->
  <system-out/>
</testsuite> <!-- day4.DDT1 -->
