<?xml version="1.0" encoding="UTF-8"?>
<!-- Generated by org.testng.reporters.JUnitReportReporter -->
<testsuite hostname="WKWZTS8bfHZTnVQ" failures="0" tests="4" name="day3.MyFirstTest" time="0.006" errors="0" timestamp="2022-11-22T12:53:39 IST" skipped="0">
  <testcase classname="day3.MyFirstTest" name="deleteAccount" time="0.000"/>
  <system-out/>
  <testcase classname="day3.MyFirstTest" name="login" time="0.005"/>
  <system-out/>
  <testcase classname="day3.MyFirstTest" name="createAccount" time="0.000"/>
  <system-out/>
  <testcase classname="day3.MyFirstTest" name="logout" time="0.001"/>
  <system-out/>
</testsuite> <!-- day3.MyFirstTest -->
